2018-03-03 18:56:24 [scrapy.utils.log] INFO: Scrapy 1.3.3 started (bot: crawlersrcdata)
2018-03-03 18:56:24 [scrapy.utils.log] INFO: Overridden settings: {'SPIDER_MODULES': ['crawlersrcdata.spiders'], 'LOG_FILE': 'logs/CrawlSrcDataSpider.log', 'ROBOTSTXT_OBEY': True, 'BOT_NAME': 'crawlersrcdata', 'NEWSPIDER_MODULE': 'crawlersrcdata.spiders'}
2018-03-03 18:56:24 [scrapy.middleware] INFO: Enabled extensions:
['scrapy.extensions.telnet.TelnetConsole',
 'scrapy.extensions.corestats.CoreStats',
 'scrapy.extensions.logstats.LogStats']
2018-03-03 18:56:24 [scrapy.middleware] INFO: Enabled downloader middlewares:
['scrapy.downloadermiddlewares.robotstxt.RobotsTxtMiddleware',
 'scrapy.downloadermiddlewares.httpauth.HttpAuthMiddleware',
 'scrapy.downloadermiddlewares.downloadtimeout.DownloadTimeoutMiddleware',
 'scrapy.downloadermiddlewares.defaultheaders.DefaultHeadersMiddleware',
 'scrapy.downloadermiddlewares.useragent.UserAgentMiddleware',
 'scrapy.downloadermiddlewares.retry.RetryMiddleware',
 'scrapy.downloadermiddlewares.redirect.MetaRefreshMiddleware',
 'scrapy.downloadermiddlewares.httpcompression.HttpCompressionMiddleware',
 'scrapy.downloadermiddlewares.redirect.RedirectMiddleware',
 'scrapy.downloadermiddlewares.cookies.CookiesMiddleware',
 'scrapy.downloadermiddlewares.stats.DownloaderStats']
2018-03-03 18:56:24 [scrapy.middleware] INFO: Enabled spider middlewares:
['scrapy.spidermiddlewares.httperror.HttpErrorMiddleware',
 'scrapy.spidermiddlewares.offsite.OffsiteMiddleware',
 'scrapy.spidermiddlewares.referer.RefererMiddleware',
 'scrapy.spidermiddlewares.urllength.UrlLengthMiddleware',
 'scrapy.spidermiddlewares.depth.DepthMiddleware']
2018-03-03 18:56:25 [py.warnings] WARNING: D:\Alex\Learn\BigData\deeplearning\sampleproject\captiongenerationmodel\src\crawlersrcdata\crawlersrcdata\pipelines.py:8: ScrapyDeprecationWarning: Module `scrapy.contrib.pipeline` is deprecated, use `scrapy.pipelines` instead
  from scrapy.contrib.pipeline.images import ImagesPipeline

2018-03-03 18:56:25 [py.warnings] WARNING: D:\Alex\Learn\BigData\deeplearning\sampleproject\captiongenerationmodel\src\crawlersrcdata\crawlersrcdata\pipelines.py:8: ScrapyDeprecationWarning: Module `scrapy.contrib.pipeline.images` is deprecated, use `scrapy.pipelines.images` instead
  from scrapy.contrib.pipeline.images import ImagesPipeline

2018-03-03 18:56:25 [scrapy.middleware] INFO: Enabled item pipelines:
['crawlersrcdata.pipelines.MyDescPipeline']
2018-03-03 18:56:25 [scrapy.core.engine] INFO: Spider opened
2018-03-03 18:56:25 [scrapy.extensions.logstats] INFO: Crawled 0 pages (at 0 pages/min), scraped 0 items (at 0 items/min)
2018-03-03 18:56:25 [scrapy.extensions.telnet] DEBUG: Telnet console listening on 127.0.0.1:6023
2018-03-03 18:56:25 [scrapy.core.engine] DEBUG: Crawled (404) <GET http://nlp.cs.illinois.edu/robots.txt> (referer: None)
2018-03-03 18:56:30 [scrapy.core.engine] DEBUG: Crawled (200) <GET http://nlp.cs.illinois.edu/HockenmaierGroup/8k-pictures.html> (referer: None)
2018-03-03 18:56:32 [scrapy.core.scraper] DEBUG: Scraped from <200 http://nlp.cs.illinois.edu/HockenmaierGroup/8k-pictures.html>
img7678
2018-03-03 18:56:32 [scrapy.core.engine] INFO: Closing spider (finished)
2018-03-03 18:56:32 [scrapy.statscollectors] INFO: Dumping Scrapy stats:
{'downloader/request_bytes': 477,
 'downloader/request_count': 2,
 'downloader/request_method_count/GET': 2,
 'downloader/response_bytes': 3699933,
 'downloader/response_count': 2,
 'downloader/response_status_count/200': 1,
 'downloader/response_status_count/404': 1,
 'finish_reason': 'finished',
 'finish_time': datetime.datetime(2018, 3, 3, 10, 56, 32, 916916),
 'item_scraped_count': 1,
 'log_count/DEBUG': 4,
 'log_count/INFO': 7,
 'log_count/WARNING': 2,
 'response_received_count': 2,
 'scheduler/dequeued': 1,
 'scheduler/dequeued/memory': 1,
 'scheduler/enqueued': 1,
 'scheduler/enqueued/memory': 1,
 'start_time': datetime.datetime(2018, 3, 3, 10, 56, 25, 53466)}
2018-03-03 18:56:32 [scrapy.core.engine] INFO: Spider closed (finished)
